Turbo Assembler	 Version 2.0	    01/30/19 09:27:46	    Page 1
hexbcd.asm



      1	0000			     .model small
      2	0000			     .stack 64
      3	0000			     .data
      4
      5	0000  0A 0D 6D 65 6E 75	24   msg      db      10,13,'menu','$
*Warning* hexbcd.asm(5)	Missing	end quote
      6	0007  0A 0D 31 2E 48 45	58+  msg1     db      10,13,'1.HEX TO BCD','$'
      7	      20 54 4F 20 42 43	44+
      8	      24
      9	0016  0A 0D 32 2E 42 43	44+  msg2     db      10,13,'2.BCD TO HEX','$'
     10	      20 54 4F 20 48 45	58+
     11	      24
     12	0025  0A 0D 33 2E 45 58	49+  msg3     db      10,13,'3.EXIT','$'
     13	      54 24
     14	002E  0A 0D 34 2E 45 4E	54+  msg4     db      10,13,'4.ENTER YOUR CHOICE','$'
     15	      45 52 20 59 4F 55	52+
     16	      20 43 48 4F 49 43	45+
     17	      24
     18
     19	0044  00		     a	      db       0
     20
     21
     22	0045			     .code
     23
     24				     print   MACRO   msg
     25					     mov     ax,@data
     26					     mov     ds,ax
     27					     mov     ah,09
     28					     lea     dx,msg
     29					     int     21h
     30					     ENDM
     31
     32
     33				     input   MACRO   var
     34					     mov     ax,@data
     35					     mov     ds,ax
     36					     mov     ax,01h
     37					     mov     var,al
     38					     int     21h
     39					     ENDM
     40
     41	0000			     main    proc    far
     42	0000  B8 0000s			     mov     ax,@data
     43	0003  8E D8			     mov     ds,ax
     44					     print   msg
1    45	0005  B8 0000s			     mov     ax,@data
1    46	0008  8E D8			     mov     ds,ax
1    47	000A  B4 09			     mov     ah,09
1    48	000C  BA 0000r			     lea     dx,msg
1    49	000F  CD 21			     int     21h
     50					     print   msg1
1    51	0011  B8 0000s			     mov     ax,@data
1    52	0014  8E D8			     mov     ds,ax
1    53	0016  B4 09			     mov     ah,09
1    54	0018  BA 0007r			     lea     dx,msg1
1    55	001B  CD 21			     int     21h
     56					     print   msg2
Turbo Assembler	 Version 2.0	    01/30/19 09:27:46	    Page 2
hexbcd.asm



1    57	001D  B8 0000s			     mov     ax,@data
1    58	0020  8E D8			     mov     ds,ax
1    59	0022  B4 09			     mov     ah,09
1    60	0024  BA 0016r			     lea     dx,msg2
1    61	0027  CD 21			     int     21h
     62					     print   msg3
1    63	0029  B8 0000s			     mov     ax,@data
1    64	002C  8E D8			     mov     ds,ax
1    65	002E  B4 09			     mov     ah,09
1    66	0030  BA 0025r			     lea     dx,msg3
1    67	0033  CD 21			     int     21h
     68					     print   msg4
1    69	0035  B8 0000s			     mov     ax,@data
1    70	0038  8E D8			     mov     ds,ax
1    71	003A  B4 09			     mov     ah,09
1    72	003C  BA 002Er			     lea     dx,msg4
1    73	003F  CD 21			     int     21h
     74					     input   a
1    75	0041  B8 0000s			     mov     ax,@data
1    76	0044  8E D8			     mov     ds,ax
1    77	0046  B8 0001			     mov     ax,01h
1    78	0049  A2 0044r			     mov     a,al
1    79	004C  CD 21			     int     21h
     80	004E  B4 09			     mov     ah,09
     81	0050  BA 0000r			     lea     dx,msg
     82	0053  CD 21			     int     21h
     83	0055  B4 4C			     mov     ah,4ch
     84	0057  CD 21			     int     21h
     85	0059			     main    endp
     86					     end     main
Turbo Assembler	 Version 2.0	    01/30/19 09:27:46	    Page 3
Symbol Table




Symbol Name			  Type	 Value

??DATE				  Text	 "01/30/19"
??FILENAME			  Text	 "hexbcd  "
??TIME				  Text	 "09:27:46"
??VERSION			  Number 0200
@CODE				  Text	 _TEXT
@CODESIZE			  Text	 0
@CPU				  Text	 0101H
@CURSEG				  Text	 _TEXT
@DATA				  Text	 DGROUP
@DATASIZE			  Text	 0
@FILENAME			  Text	 HEXBCD
@MODEL				  Text	 2
@WORDSIZE			  Text	 2
A				  Byte	 DGROUP:0044
MAIN				  Far	 _TEXT:0000
MSG				  Byte	 DGROUP:0000
MSG1				  Byte	 DGROUP:0007
MSG2				  Byte	 DGROUP:0016
MSG3				  Byte	 DGROUP:0025
MSG4				  Byte	 DGROUP:002E

Macro Name

INPUT
PRINT

Groups & Segments		  Bit Size Align  Combine Class

DGROUP				  Group
  STACK				  16  0040 Para	  Stack	  STACK
  _DATA				  16  0045 Word	  Public  DATA
_TEXT				  16  0059 Word	  Public  CODE
Turbo Assembler	 Version 2.0	    01/30/19 09:27:46	    Page 4
Error Summary



*Warning* hexbcd.asm(5)	Missing	end quote
