Turbo Assembler	 Version 2.0	    01/28/19 13:04:26	    Page 1
adz.asm



      1				     input     macro
      2
      3				     mov     ah,01h
      4
      5				     int     21h
      6
      7				     sub     al,30h
      8
      9				     mov     ah,01h
     10
     11				     int     21h
     12
     13				     sub     al,30h
     14
     15				     mov     num2,al
     16
     17				     mov     al,num1
     18
     19				     mul     ten
     20
     21				     add     al,num2
     22
     23				     endm
     24
     25				     output  macro
     26
     27				     mov     ah,02h
     28
     29				     int     21h
     30
     31				     endm
     32
     33				     disp    macro   var
     34					     lea     dx,var
     35					     mov     ah,09h
     36					     int     21h
     37					     endm
     38
     39	0000				     .model  small
     40	0000				     .stack  64
     41	0000				     .data
     42
     43	0000  0A 0D 45 6E 74 65	72+  line1   db	     10,13,'Enter how many no.s:$'
     44	      20 68 6F 77 20 6D	61+
     45	      6E 79 20 6E 6F 2E	73+
     46	      3A 24
     47	0017  0A 0D 65 6E 74 65	72+  line2   db	     10,13,'enter numbers:$'
     48	      20 6E 75 6D 62 65	72+
     49	      73 3A 24
     50	0028  0A 0D 61 64 64 69	74+  line3   db	     10,13,'addition=$'
     51	      69 6F 6E 3D 24
     52	0034  0A 0D 24		     line4   db	     10,13,'$'
     53
     54	0037  0F*(00)		     array   db	     15	dup(0)
     55
     56	0046  00		     count   db	     0
     57
Turbo Assembler	 Version 2.0	    01/28/19 13:04:26	    Page 2
adz.asm



     58	0047  00		     num1    db	     0
     59
     60	0048  00		     num2    db	     0
     61
     62	0049  00		     temp    db	     0
     63
     64	004A  0A		     ten     db	     10
     65
     66	004B				     .code
     67	0000			     main    proc    far
     68	0000  B8 0000s			     mov     ax,@data
     69	0003  8E D8			     mov     ds,ax
     70	0005  BE 0037r			     lea     si,array
     71					     disp    line1
1    72	0008  BA 0000r			     lea     dx,line1
1    73	000B  B4 09			     mov     ah,09h
1    74	000D  CD 21			     int     21h
     75
     76					      input
1    77	000F  B4 01		     mov     ah,01h
1    78	0011  CD 21		     int     21h
1    79	0013  2C 30		     sub     al,30h
1    80	0015  B4 01		     mov     ah,01h
1    81	0017  CD 21		     int     21h
1    82	0019  2C 30		     sub     al,30h
1    83	001B  A2 0048r		     mov     num2,al
1    84	001E  A0 0047r		     mov     al,num1
1    85	0021  F6 26 004Ar	     mul     ten
1    86	0025  02 06 0048r	     add     al,num2
     87	0029  A2 0046r			      mov     count,al
     88	002C  8A 0E 0046r		      mov     cl,count
     89					      disp    line4
1    90	0030  BA 0034r			     lea     dx,line4
1    91	0033  B4 09			     mov     ah,09h
1    92	0035  CD 21			     int     21h
     93	0037			     lb1:     disp    line2
1    94	0037  BA 0017r			     lea     dx,line2
1    95	003A  B4 09			     mov     ah,09h
1    96	003C  CD 21			     int     21h
     97
     98					     input
1    99	003E  B4 01		     mov     ah,01h
1   100	0040  CD 21		     int     21h
1   101	0042  2C 30		     sub     al,30h
1   102	0044  B4 01		     mov     ah,01h
1   103	0046  CD 21		     int     21h
1   104	0048  2C 30		     sub     al,30h
1   105	004A  A2 0048r		     mov     num2,al
1   106	004D  A0 0047r		     mov     al,num1
1   107	0050  F6 26 004Ar	     mul     ten
1   108	0054  02 06 0048r	     add     al,num2
    109
    110	0058  88 04			     mov     [si],al
    111	005A  46			     inc     si
    112	005B  E2 DA			     loop    lb1
    113					     disp    line4
1   114	005D  BA 0034r			     lea     dx,line4
Turbo Assembler	 Version 2.0	    01/28/19 13:04:26	    Page 3
adz.asm



1   115	0060  B4 09			     mov     ah,09h
1   116	0062  CD 21			     int     21h
    117					     disp    line3
1   118	0064  BA 0028r			     lea     dx,line3
1   119	0067  B4 09			     mov     ah,09h
1   120	0069  CD 21			     int     21h
    121	006B  B8 0000			     mov     ax,0000h
    122	006E  8A 0E 0046r		     mov     cl,count
    123	0072  BE 0037r			     lea     si,array
    124	0075  02 04		     lb2:    add     al,[si]
    125	0077  46			     inc     si
    126	0078  E2 FB			     loop    lb2
    127	007A  B5 02			     mov     ch,02h
    128	007C  B1 04			     mov     cl,04h
    129	007E  8A D8			     mov     bl,al
    130	0080  D2 C3		     lb3:    rol     bl,cl
    131	0082  8A D3			     mov     dl,bl
    132	0084  80 E2 0F			     and     dl,0fh
    133	0087  80 FA 09			     cmp     dl,09
    134	008A  76 03			     jbe     lb4
    135	008C  80 C2 07			     add     dl,07
    136
    137	008F  80 C2 30		     lb4:    add     dl,30h
    138
    139					     output
1   140	0092  B4 02		     mov     ah,02h
1   141	0094  CD 21		     int     21h
    142	0096  FE CD			     dec     ch
    143	0098  75 E6			     jnz     lb3
    144	009A  B4 4C			     mov     ah,4ch
    145	009C  CD 21			     int     21h
    146	009E			     main    endp
    147					     end     main
Turbo Assembler	 Version 2.0	    01/28/19 13:04:26	    Page 4
Symbol Table




Symbol Name			  Type	 Value

??DATE				  Text	 "01/28/19"
??FILENAME			  Text	 "adz	  "
??TIME				  Text	 "13:04:26"
??VERSION			  Number 0200
@CODE				  Text	 _TEXT
@CODESIZE			  Text	 0
@CPU				  Text	 0101H
@CURSEG				  Text	 _TEXT
@DATA				  Text	 DGROUP
@DATASIZE			  Text	 0
@FILENAME			  Text	 ADZ
@MODEL				  Text	 2
@WORDSIZE			  Text	 2
ARRAY				  Byte	 DGROUP:0037
COUNT				  Byte	 DGROUP:0046
LB1				  Near	 _TEXT:0037
LB2				  Near	 _TEXT:0075
LB3				  Near	 _TEXT:0080
LB4				  Near	 _TEXT:008F
LINE1				  Byte	 DGROUP:0000
LINE2				  Byte	 DGROUP:0017
LINE3				  Byte	 DGROUP:0028
LINE4				  Byte	 DGROUP:0034
MAIN				  Far	 _TEXT:0000
NUM1				  Byte	 DGROUP:0047
NUM2				  Byte	 DGROUP:0048
TEMP				  Byte	 DGROUP:0049
TEN				  Byte	 DGROUP:004A

Macro Name

DISP
INPUT
OUTPUT

Groups & Segments		  Bit Size Align  Combine Class

DGROUP				  Group
  STACK				  16  0040 Para	  Stack	  STACK
  _DATA				  16  004B Word	  Public  DATA
_TEXT				  16  009E Word	  Public  CODE
